#
# There is insufficient memory for the Java Runtime Environment to continue.
# Native memory allocation (malloc) failed to allocate 95664 bytes for Chunk::new
# Possible reasons:
#   The system is out of physical RAM or swap space
#   The process is running with CompressedOops enabled, and the Java Heap may be blocking the growth of the native heap
# Possible solutions:
#   Reduce memory load on the system
#   Increase physical memory or swap space
#   Check if swap backing store is full
#   Decrease Java heap size (-Xmx/-Xms)
#   Decrease number of Java threads
#   Decrease Java thread stack sizes (-Xss)
#   Set larger code cache with -XX:ReservedCodeCacheSize=
#   JVM is running with Unscaled Compressed Oops mode in which the Java heap is
#     placed in the first 4GB address space. The Java Heap base address is the
#     maximum limit for the native heap growth. Please use -XX:HeapBaseMinAddress
#     to set the Java Heap base and to place the Java Heap above 4GB virtual address.
# This output file may be truncated or incomplete.
#
#  Out of Memory Error (allocation.cpp:389), pid=1760, tid=0x0000000000002934
#
# JRE version: Java(TM) SE Runtime Environment (8.0_211-b12) (build 1.8.0_211-b12)
# Java VM: Java HotSpot(TM) 64-Bit Server VM (25.211-b12 mixed mode windows-amd64 compressed oops)
# Failed to write core dump. Minidumps are not enabled by default on client versions of Windows
#

---------------  T H R E A D  ---------------

Current thread (0x0000000015dfb000):  JavaThread "C2 CompilerThread1" daemon [_thread_in_native, id=10548, stack(0x0000000016750000,0x0000000016850000)]

Stack: [0x0000000016750000,0x0000000016850000]
[error occurred during error reporting (printing stack bounds), id 0xc0000005]

Native frames: (J=compiled Java code, j=interpreted, Vv=VM code, C=native code)


Current CompileTask:
C2:   2184  638 %     4       sun.security.provider.SHA::implCompress @ 12 (491 bytes)


---------------  P R O C E S S  ---------------

Java Threads: ( => current thread )
  0x0000000017337000 JavaThread "/127.0.0.1:4052 to /127.0.0.1:4050 workers" [_thread_blocked, id=12188, stack(0x0000000018520000,0x0000000018620000)]
  0x0000000015e6c000 JavaThread "Service Thread" daemon [_thread_blocked, id=14372, stack(0x0000000016a50000,0x0000000016b50000)]
  0x0000000015e6b800 JavaThread "C1 CompilerThread3" daemon [_thread_in_vm, id=12056, stack(0x0000000016950000,0x0000000016a50000)]
  0x0000000015e43000 JavaThread "C2 CompilerThread2" daemon [_thread_blocked, id=19144, stack(0x0000000016850000,0x0000000016950000)]
=>0x0000000015dfb000 JavaThread "C2 CompilerThread1" daemon [_thread_in_native, id=10548, stack(0x0000000016750000,0x0000000016850000)]
  0x0000000015df9800 JavaThread "C2 CompilerThread0" daemon [_thread_blocked, id=2688, stack(0x0000000016650000,0x0000000016750000)]
  0x0000000015df7800 JavaThread "Attach Listener" daemon [_thread_blocked, id=9856, stack(0x0000000016550000,0x0000000016650000)]
  0x0000000015df6000 JavaThread "Signal Dispatcher" daemon [_thread_blocked, id=8988, stack(0x0000000016450000,0x0000000016550000)]
  0x0000000015d61800 JavaThread "Finalizer" daemon [_thread_blocked, id=19324, stack(0x0000000016240000,0x0000000016340000)]
  0x0000000015d60800 JavaThread "Reference Handler" daemon [_thread_blocked, id=19384, stack(0x0000000016140000,0x0000000016240000)]
  0x000000000083e000 JavaThread "main" [_thread_in_Java, id=4080, stack(0x0000000002480000,0x0000000002580000)]

Other Threads:
  0x0000000013f39800 VMThread [stack: 0x0000000015c40000,0x0000000015d40000] [id=18604]
  0x0000000015eea800 WatcherThread [stack: 0x0000000016b50000,0x0000000016c50000] [id=12140]

VM state:not at safepoint (normal execution)

VM Mutex/Monitor currently owned by a thread: None

heap address: 0x00000000e0000000, size: 512 MB, Compressed Oops mode: 32-bit
Narrow klass base: 0x0000000000000000, Narrow klass shift: 3
Compressed class space size: 1073741824 Address: 0x0000000100000000

Heap:
 PSYoungGen      total 75776K, used 16906K [0x00000000f5580000, 0x00000000faa00000, 0x0000000100000000)
  eden space 65024K, 26% used [0x00000000f5580000,0x00000000f6602ad8,0x00000000f9500000)
  from space 10752K, 0% used [0x00000000f9f80000,0x00000000f9f80000,0x00000000faa00000)
  to   space 10752K, 0% used [0x00000000f9500000,0x00000000f9500000,0x00000000f9f80000)
 ParOldGen       total 173568K, used 0K [0x00000000e0000000, 0x00000000ea980000, 0x00000000f5580000)
  object space 173568K, 0% used [0x00000000e0000000,0x00000000e0000000,0x00000000ea980000)
 Metaspace       used 7703K, capacity 7902K, committed 8064K, reserved 1056768K
  class space    used 978K, capacity 1071K, committed 1152K, reserved 1048576K

Card table byte_map: [0x0000000011b40000,0x0000000011c50000] byte_map_base: 0x0000000011440000

Marking Bits: (ParMarkBitMap*) 0x000000006e7b5ce0
 Begin Bits: [0x0000000012450000, 0x0000000012c50000)
 End Bits:   [0x0000000012c50000, 0x0000000013450000)

Polling page: 0x0000000000820000

CodeCache: size=245760Kb used=2689Kb max_used=2690Kb free=243070Kb
 bounds [0x0000000002780000, 0x0000000002a30000, 0x0000000011780000]
 total_blobs=981 nmethods=665 adapters=229
 compilation: enabled

Compilation events (10 events):
Event: 2.176 Thread 0x0000000015e6b800 nmethod 645 0x0000000002a1b250 code [0x0000000002a1b4c0, 0x0000000002a1c1c8]
Event: 2.176 Thread 0x0000000015e6b800  657       3       sun.nio.fs.WindowsPath::getFileName (87 bytes)
Event: 2.177 Thread 0x0000000015e6b800 nmethod 657 0x0000000002a1c850 code [0x0000000002a1ca20, 0x0000000002a1d518]
Event: 2.177 Thread 0x0000000015e6b800  660       3       java.util.concurrent.atomic.AtomicLong::get (5 bytes)
Event: 2.177 Thread 0x0000000015e6b800 nmethod 660 0x0000000002a1d910 code [0x0000000002a1da60, 0x0000000002a1dbb0]
Event: 2.177 Thread 0x0000000015e6b800  661       3       java.util.concurrent.atomic.AtomicLong::compareAndSet (13 bytes)
Event: 2.177 Thread 0x0000000015e6b800 nmethod 661 0x0000000002a20cd0 code [0x0000000002a20e20, 0x0000000002a20f90]
Event: 2.177 Thread 0x0000000015e6b800  662       3       java.util.Random::nextBoolean (14 bytes)
Event: 2.177 Thread 0x0000000015e6b800 nmethod 662 0x0000000002a21010 code [0x0000000002a21180, 0x0000000002a213e8]
Event: 2.177 Thread 0x0000000015df9800 nmethod 649 0x0000000002a21490 code [0x0000000002a215e0, 0x0000000002a21a98]

GC Heap History (0 events):
No events

Deoptimization events (2 events):
Event: 0.920 Thread 0x000000000083e000 Uncommon trap: reason=null_check action=make_not_entrant pc=0x00000000028face8 method=java.lang.String.equals(Ljava/lang/Object;)Z @ 8
Event: 1.145 Thread 0x000000000083e000 Uncommon trap: reason=unstable_if action=reinterpret pc=0x00000000028f3778 method=java.lang.String.startsWith(Ljava/lang/String;I)Z @ 25

Classes redefined (0 events):
No events

Internal exceptions (10 events):
Event: 1.195 Thread 0x000000000083e000 Exception <a 'java/security/PrivilegedActionException'> (0x00000000f6060f68) thrown at [C:\re\workspace\8-2-build-windows-amd64-cygwin\jdk8u211\12973\hotspot\src\share\vm\prims\jvm.cpp, line 1502]
Event: 1.195 Thread 0x000000000083e000 Exception <a 'java/security/PrivilegedActionException'> (0x00000000f6061360) thrown at [C:\re\workspace\8-2-build-windows-amd64-cygwin\jdk8u211\12973\hotspot\src\share\vm\prims\jvm.cpp, line 1502]
Event: 1.196 Thread 0x000000000083e000 Exception <a 'java/security/PrivilegedActionException'> (0x00000000f6062e48) thrown at [C:\re\workspace\8-2-build-windows-amd64-cygwin\jdk8u211\12973\hotspot\src\share\vm\prims\jvm.cpp, line 1502]
Event: 1.196 Thread 0x000000000083e000 Exception <a 'java/security/PrivilegedActionException'> (0x00000000f6063240) thrown at [C:\re\workspace\8-2-build-windows-amd64-cygwin\jdk8u211\12973\hotspot\src\share\vm\prims\jvm.cpp, line 1502]
Event: 1.196 Thread 0x000000000083e000 Exception <a 'java/security/PrivilegedActionException'> (0x00000000f6064d80) thrown at [C:\re\workspace\8-2-build-windows-amd64-cygwin\jdk8u211\12973\hotspot\src\share\vm\prims\jvm.cpp, line 1502]
Event: 1.196 Thread 0x000000000083e000 Exception <a 'java/security/PrivilegedActionException'> (0x00000000f6065178) thrown at [C:\re\workspace\8-2-build-windows-amd64-cygwin\jdk8u211\12973\hotspot\src\share\vm\prims\jvm.cpp, line 1502]
Event: 1.196 Thread 0x000000000083e000 Exception <a 'java/security/PrivilegedActionException'> (0x00000000f6066cb8) thrown at [C:\re\workspace\8-2-build-windows-amd64-cygwin\jdk8u211\12973\hotspot\src\share\vm\prims\jvm.cpp, line 1502]
Event: 1.196 Thread 0x000000000083e000 Exception <a 'java/security/PrivilegedActionException'> (0x00000000f60670b0) thrown at [C:\re\workspace\8-2-build-windows-amd64-cygwin\jdk8u211\12973\hotspot\src\share\vm\prims\jvm.cpp, line 1502]
Event: 1.336 Thread 0x000000000083e000 Exception <a 'java/lang/ArrayIndexOutOfBoundsException'> (0x00000000f61e3a88) thrown at [C:\re\workspace\8-2-build-windows-amd64-cygwin\jdk8u211\12973\hotspot\src\share\vm\runtime\sharedRuntime.cpp, line 605]
Event: 1.336 Thread 0x000000000083e000 Exception <a 'java/lang/ArrayIndexOutOfBoundsException'> (0x00000000f61e48e0) thrown at [C:\re\workspace\8-2-build-windows-amd64-cygwin\jdk8u211\12973\hotspot\src\share\vm\runtime\sharedRuntime.cpp, line 605]

Events (10 events):
Event: 2.181 loading class sun/nio/ch/SocketOptionRegistry$LazyInitialization
Event: 2.181 loading class sun/nio/ch/SocketOptionRegistry$LazyInitialization done
Event: 2.181 loading class sun/nio/ch/OptionKey
Event: 2.181 loading class sun/nio/ch/OptionKey done
Event: 2.182 loading class sun/nio/ch/WindowsSelectorImpl$MapEntry
Event: 2.182 loading class sun/nio/ch/WindowsSelectorImpl$MapEntry done
Event: 2.182 loading class org/gradle/internal/io/BufferCaster
Event: 2.182 loading class org/gradle/internal/io/BufferCaster done
Event: 2.182 loading class org/gradle/internal/remote/internal/inet/SocketInetAddress
Event: 2.182 loading class org/gradle/internal/remote/internal/inet/SocketInetAddress done


Dynamic libraries:
0x00007ff6e1c70000 - 0x00007ff6e1ca7000 	C:\Program Files\Java\jdk1.8.0_211\bin\java.exe
0x00007ffd4f420000 - 0x00007ffd4f60d000 	C:\WINDOWS\SYSTEM32\ntdll.dll
0x00007ffd4ea50000 - 0x00007ffd4eb03000 	C:\WINDOWS\System32\KERNEL32.DLL
0x00007ffd4c2a0000 - 0x00007ffd4c533000 	C:\WINDOWS\System32\KERNELBASE.dll
0x00007ffd4f1d0000 - 0x00007ffd4f273000 	C:\WINDOWS\System32\ADVAPI32.dll
0x00007ffd4d4b0000 - 0x00007ffd4d54e000 	C:\WINDOWS\System32\msvcrt.dll
0x00007ffd4ef20000 - 0x00007ffd4efbe000 	C:\WINDOWS\System32\sechost.dll
0x00007ffd4ccc0000 - 0x00007ffd4cde2000 	C:\WINDOWS\System32\RPCRT4.dll
0x00007ffd4d310000 - 0x00007ffd4d4a7000 	C:\WINDOWS\System32\USER32.dll
0x00007ffd4c280000 - 0x00007ffd4c2a0000 	C:\WINDOWS\System32\win32u.dll
0x00007ffd4f330000 - 0x00007ffd4f359000 	C:\WINDOWS\System32\GDI32.dll
0x00007ffd4b5b0000 - 0x00007ffd4b749000 	C:\WINDOWS\System32\gdi32full.dll
0x00007ffd4bea0000 - 0x00007ffd4bf40000 	C:\WINDOWS\System32\msvcp_win.dll
0x00007ffd4c540000 - 0x00007ffd4c63a000 	C:\WINDOWS\System32\ucrtbase.dll
0x00007ffd397e0000 - 0x00007ffd39a59000 	C:\WINDOWS\WinSxS\amd64_microsoft.windows.common-controls_6595b64144ccf1df_6.0.17763.737_none_05b6437c071e554b\COMCTL32.dll
0x00007ffd4cfd0000 - 0x00007ffd4d2fc000 	C:\WINDOWS\System32\combase.dll
0x00007ffd4b4e0000 - 0x00007ffd4b55e000 	C:\WINDOWS\System32\bcryptPrimitives.dll
0x00007ffd4c710000 - 0x00007ffd4c73e000 	C:\WINDOWS\System32\IMM32.DLL
0x000000006e840000 - 0x000000006e912000 	C:\Program Files\Java\jdk1.8.0_211\jre\bin\msvcr100.dll
0x000000006df90000 - 0x000000006e835000 	C:\Program Files\Java\jdk1.8.0_211\jre\bin\server\jvm.dll
0x00007ffd4f3e0000 - 0x00007ffd4f3e8000 	C:\WINDOWS\System32\PSAPI.DLL
0x00007ffd308b0000 - 0x00007ffd308b9000 	C:\WINDOWS\SYSTEM32\WSOCK32.dll
0x00007ffd4cf60000 - 0x00007ffd4cfcd000 	C:\WINDOWS\System32\WS2_32.dll
0x00007ffd49160000 - 0x00007ffd49184000 	C:\WINDOWS\SYSTEM32\WINMM.dll
0x00007ffd408a0000 - 0x00007ffd408aa000 	C:\WINDOWS\SYSTEM32\VERSION.dll
0x00007ffd49130000 - 0x00007ffd4915d000 	C:\WINDOWS\SYSTEM32\WINMMBASE.dll
0x00007ffd4bf40000 - 0x00007ffd4bf8a000 	C:\WINDOWS\System32\cfgmgr32.dll
0x00007ffd479d0000 - 0x00007ffd479df000 	C:\Program Files\Java\jdk1.8.0_211\jre\bin\verify.dll
0x00007ffd44f50000 - 0x00007ffd44f79000 	C:\Program Files\Java\jdk1.8.0_211\jre\bin\java.dll
0x00007ffd47960000 - 0x00007ffd47976000 	C:\Program Files\Java\jdk1.8.0_211\jre\bin\zip.dll
0x00007ffd4d550000 - 0x00007ffd4ea42000 	C:\WINDOWS\System32\SHELL32.dll
0x00007ffd4f280000 - 0x00007ffd4f328000 	C:\WINDOWS\System32\shcore.dll
0x00007ffd4b750000 - 0x00007ffd4be9a000 	C:\WINDOWS\System32\windows.storage.dll
0x00007ffd4b430000 - 0x00007ffd4b454000 	C:\WINDOWS\System32\profapi.dll
0x00007ffd4b460000 - 0x00007ffd4b4bd000 	C:\WINDOWS\System32\powrprof.dll
0x00007ffd4eb10000 - 0x00007ffd4eb62000 	C:\WINDOWS\System32\shlwapi.dll
0x00007ffd4b410000 - 0x00007ffd4b421000 	C:\WINDOWS\System32\kernel.appcore.dll
0x00007ffd4b560000 - 0x00007ffd4b577000 	C:\WINDOWS\System32\cryptsp.dll
0x00007ffd41dd0000 - 0x00007ffd41dea000 	C:\Program Files\Java\jdk1.8.0_211\jre\bin\net.dll
0x00007ffd3e3a0000 - 0x00007ffd3e577000 	C:\WINDOWS\SYSTEM32\urlmon.dll
0x00007ffd3e040000 - 0x00007ffd3e2e8000 	C:\WINDOWS\SYSTEM32\iertutil.dll
0x00007ffd4adf0000 - 0x00007ffd4adfc000 	C:\WINDOWS\SYSTEM32\CRYPTBASE.DLL
0x00007ffd4ac20000 - 0x00007ffd4ac87000 	C:\WINDOWS\system32\mswsock.dll
0x00007ffd3ab10000 - 0x00007ffd3ab22000 	C:\Program Files\Java\jdk1.8.0_211\jre\bin\nio.dll
0x00007ffd4a7a0000 - 0x00007ffd4a7d3000 	C:\WINDOWS\system32\rsaenh.dll
0x00007ffd4b580000 - 0x00007ffd4b5a6000 	C:\WINDOWS\System32\bcrypt.dll
0x00007ffd4b310000 - 0x00007ffd4b338000 	C:\WINDOWS\SYSTEM32\USERENV.dll
0x00007ffd4a940000 - 0x00007ffd4a97d000 	C:\WINDOWS\SYSTEM32\IPHLPAPI.DLL
0x00007ffd4ebd0000 - 0x00007ffd4ebd8000 	C:\WINDOWS\System32\NSI.dll
0x00007ffd3df70000 - 0x00007ffd3df86000 	C:\WINDOWS\SYSTEM32\dhcpcsvc6.DLL
0x00007ffd3e580000 - 0x00007ffd3e59c000 	C:\WINDOWS\SYSTEM32\dhcpcsvc.DLL
0x00007ffd4a980000 - 0x00007ffd4aa46000 	C:\WINDOWS\SYSTEM32\DNSAPI.dll

VM Arguments:
jvm_args: -Dio.netty.leakDetection.level=paranoid -Djava.awt.headless=true -Djava.security.manager=worker.org.gradle.process.internal.worker.child.BootstrapSecurityManager -Dorg.gradle.native=false -DtestGroups -Xmx512m -Dfile.encoding=GBK -Duser.country=CN -Duser.language=zh -Duser.variant -ea 
java_command: worker.org.gradle.process.internal.worker.GradleWorkerMain 'Gradle Test Executor 12'
java_class_path (initial): D:\tool\gradle-4.6\caches\5.6.2\workerMain\gradle-worker.jar
Launcher Type: SUN_STANDARD

Environment Variables:
JAVA_HOME=C:\Program Files\Java\jdk1.8.0_211
CLASSPATH=.;C:\Program Files\Java\jdk1.8.0_211\lib\dt.jar;C:\Program Files\Java\jdk1.8.0_211\lib\tools.jar;
PATH=C:\WINDOWS\system32;C:\WINDOWS;C:\WINDOWS\System32\Wbem;C:\WINDOWS\System32\WindowsPowerShell\v1.0\;C:\Program Files\IDM Computer Solutions\UltraEdit;D:\nodeJS\;C:\Go\bin;C:\Program Files\Java\jdk1.8.0_211\bin;C:\Program Files\Java\jdk1.8.0_211\jre\bin;C:\WINDOWS\System32\OpenSSH\;C:\Program Files\Intel\WiFi\bin\;C:\Program Files\Common Files\Intel\WirelessCommon\;D:\tool\git\Git\cmd;C:\Users\HM\AppData\Local\Programs\Python\Python36\Scripts\;C:\Users\HM\AppData\Local\Programs\Python\Python36\;C:\Users\HM\AppData\Local\Microsoft\WindowsApps;D:\tool\Bandzip\;D:\plugin\curl\curl-7.61.0\I386;D:\plugin\groovy-2.5.6\bin;D:\plugin\gradle-5.2.1\bin;C:\Users\HM\AppData\Roaming\npm;C:\Users\HM\go\bin;D:\tool\apache-maven-3.5.3\bin;;C:\Users\HM\AppData\Local\Programs\Microsoft VS Code\bin;C:\Program Files\Docker Toolbox
USERNAME=HM
OS=Windows_NT
PROCESSOR_IDENTIFIER=Intel64 Family 6 Model 158 Stepping 9, GenuineIntel



---------------  S Y S T E M  ---------------

OS: Windows 10.0 , 64 bit Build 17763 (10.0.17763.475)

CPU:total 8 (initial active 8) (4 cores per cpu, 2 threads per core) family 6 model 158 stepping 9, cmov, cx8, fxsr, mmx, sse, sse2, sse3, ssse3, sse4.1, sse4.2, popcnt, avx, avx2, aes, clmul, erms, 3dnowpref, lzcnt, ht, tsc, tscinvbit, bmi1, bmi2, adx

Memory: 4k page, physical 16635856k(3718632k free), swap 16635856k(5268k free)

vm_info: Java HotSpot(TM) 64-Bit Server VM (25.211-b12) for windows-amd64 JRE (1.8.0_211-b12), built on Apr  1 2019 20:53:26 by "java_re" with MS VC++ 10.0 (VS2010)

time: Thu Oct 03 20:55:09 2019
timezone: 中国标准时间
elapsed time: 2 seconds (0d 0h 0m 2s)

