#
# There is insufficient memory for the Java Runtime Environment to continue.
# Native memory allocation (malloc) failed to allocate 2069296 bytes for Chunk::new
# Possible reasons:
#   The system is out of physical RAM or swap space
#   The process is running with CompressedOops enabled, and the Java Heap may be blocking the growth of the native heap
# Possible solutions:
#   Reduce memory load on the system
#   Increase physical memory or swap space
#   Check if swap backing store is full
#   Decrease Java heap size (-Xmx/-Xms)
#   Decrease number of Java threads
#   Decrease Java thread stack sizes (-Xss)
#   Set larger code cache with -XX:ReservedCodeCacheSize=
#   JVM is running with Zero Based Compressed Oops mode in which the Java heap is
#     placed in the first 32GB address space. The Java Heap base address is the
#     maximum limit for the native heap growth. Please use -XX:HeapBaseMinAddress
#     to set the Java Heap base and to place the Java Heap above 32GB virtual address.
# This output file may be truncated or incomplete.
#
#  Out of Memory Error (allocation.cpp:389), pid=16436, tid=0x0000000000002ac8
#
# JRE version: Java(TM) SE Runtime Environment (8.0_211-b12) (build 1.8.0_211-b12)
# Java VM: Java HotSpot(TM) 64-Bit Server VM (25.211-b12 mixed mode windows-amd64 compressed oops)
# Failed to write core dump. Minidumps are not enabled by default on client versions of Windows
#

---------------  T H R E A D  ---------------

Current thread (0x000000001e79b000):  JavaThread "C2 CompilerThread0" daemon [_thread_in_native, id=10952, stack(0x000000001eee0000,0x000000001efe0000)]

Stack: [0x000000001eee0000,0x000000001efe0000]
[error occurred during error reporting (printing stack bounds), id 0xc0000005]

Native frames: (J=compiled Java code, j=interpreted, Vv=VM code, C=native code)


Current CompileTask:
C2:  31440 12913 % !   4       org.springframework.beans.factory.support.DefaultListableBeanFactory::doGetBeanNamesForType @ 20 (593 bytes)


---------------  P R O C E S S  ---------------

Java Threads: ( => current thread )
  0x00000000230c2000 JavaThread "ForkJoinPool.commonPool-worker-7" daemon [_thread_blocked, id=18396, stack(0x000000002b250000,0x000000002b350000)]
  0x0000000024a88800 JavaThread "ForkJoinPool.commonPool-worker-5" daemon [_thread_blocked, id=2212, stack(0x000000002a160000,0x000000002a260000)]
  0x0000000024a88000 JavaThread "ForkJoinPool.commonPool-worker-4" daemon [_thread_blocked, id=8756, stack(0x000000002a060000,0x000000002a160000)]
  0x0000000024a84000 JavaThread "ForkJoinPool.commonPool-worker-2" daemon [_thread_blocked, id=13096, stack(0x0000000028dc0000,0x0000000028ec0000)]
  0x000000001f9d6800 JavaThread "/127.0.0.1:11190 to /127.0.0.1:11189 workers Thread 3" [_thread_in_native, id=15048, stack(0x0000000020fb0000,0x00000000210b0000)]
  0x000000001f9d4800 JavaThread "/127.0.0.1:11190 to /127.0.0.1:11189 workers Thread 2" [_thread_blocked, id=13964, stack(0x0000000020eb0000,0x0000000020fb0000)]
  0x000000001ff58800 JavaThread "Test worker" [_thread_in_Java, id=9292, stack(0x0000000020db0000,0x0000000020eb0000)]
  0x000000001e843800 JavaThread "Service Thread" daemon [_thread_blocked, id=18444, stack(0x000000001f2e0000,0x000000001f3e0000)]
  0x000000001e7a9800 JavaThread "C1 CompilerThread3" daemon [_thread_blocked, id=1408, stack(0x000000001f1e0000,0x000000001f2e0000)]
  0x000000001e7a2800 JavaThread "C2 CompilerThread2" daemon [_thread_in_native, id=6192, stack(0x000000001f0e0000,0x000000001f1e0000)]
  0x000000001e79e800 JavaThread "C2 CompilerThread1" daemon [_thread_in_native, id=516, stack(0x000000001efe0000,0x000000001f0e0000)]
=>0x000000001e79b000 JavaThread "C2 CompilerThread0" daemon [_thread_in_native, id=10952, stack(0x000000001eee0000,0x000000001efe0000)]
  0x000000001e799000 JavaThread "Attach Listener" daemon [_thread_blocked, id=6132, stack(0x000000001ede0000,0x000000001eee0000)]
  0x000000001e797000 JavaThread "Signal Dispatcher" daemon [_thread_blocked, id=18108, stack(0x000000001ece0000,0x000000001ede0000)]
  0x000000001e700800 JavaThread "Finalizer" daemon [_thread_blocked, id=10052, stack(0x000000001ebe0000,0x000000001ece0000)]
  0x000000001c90c800 JavaThread "Reference Handler" daemon [_thread_blocked, id=19896, stack(0x000000001eae0000,0x000000001ebe0000)]
  0x0000000002e3e000 JavaThread "main" [_thread_blocked, id=18928, stack(0x0000000002c80000,0x0000000002d80000)]

Other Threads:
  0x000000001c908800 VMThread [stack: 0x000000001e5e0000,0x000000001e6e0000] [id=1864]
  0x000000001e7ff000 WatcherThread [stack: 0x000000001f3e0000,0x000000001f4e0000] [id=11640]

VM state:not at safepoint (normal execution)

VM Mutex/Monitor currently owned by a thread: None

heap address: 0x00000006c2200000, size: 4062 MB, Compressed Oops mode: Zero based, Oop shift amount: 3
Narrow klass base: 0x0000000000000000, Narrow klass shift: 3
Compressed class space size: 1073741824 Address: 0x00000007c0000000

Heap:
 PSYoungGen      total 449536K, used 158259K [0x000000076b600000, 0x0000000788280000, 0x00000007c0000000)
  eden space 427520K, 37% used [0x000000076b600000,0x000000077508cf88,0x0000000785780000)
  from space 22016K, 0% used [0x0000000785780000,0x0000000785780000,0x0000000786d00000)
  to   space 19456K, 0% used [0x0000000786d80000,0x0000000786d80000,0x0000000788080000)
 ParOldGen       total 168448K, used 31507K [0x00000006c2200000, 0x00000006cc680000, 0x000000076b600000)
  object space 168448K, 18% used [0x00000006c2200000,0x00000006c40c4f80,0x00000006cc680000)
 Metaspace       used 61830K, capacity 64350K, committed 64660K, reserved 1105920K
  class space    used 7254K, capacity 7752K, committed 7868K, reserved 1048576K

Card table byte_map: [0x0000000012300000,0x0000000012af0000] byte_map_base: 0x000000000ecef000

Marking Bits: (ParMarkBitMap*) 0x0000000075ff5ce0
 Begin Bits: [0x0000000013840000, 0x00000000177b8000)
 End Bits:   [0x00000000177b8000, 0x000000001b730000)

Polling page: 0x00000000007e0000

CodeCache: size=245760Kb used=37010Kb max_used=38406Kb free=208749Kb
 bounds [0x0000000002f40000, 0x0000000005500000, 0x0000000011f40000]
 total_blobs=10729 nmethods=10156 adapters=483
 compilation: enabled

Compilation events (10 events):
Event: 31.430 Thread 0x000000001e79e800 nmethod 12893 0x000000000349fe50 code [0x000000000349ffc0, 0x00000000034a0288]
Event: 31.430 Thread 0x000000001e79e800 13043       4       java.io.WinNTFileSystem::prefixLength (91 bytes)
Event: 31.432 Thread 0x000000001e79e800 nmethod 13043 0x0000000003e95010 code [0x0000000003e95160, 0x0000000003e95398]
Event: 31.432 Thread 0x000000001e79e800 13044       4       java.util.zip.ZipEntry::<init> (43 bytes)
Event: 31.432 Thread 0x000000001e79e800 nmethod 13044 0x00000000046ad3d0 code [0x00000000046ad500, 0x00000000046ad598]
Event: 31.432 Thread 0x000000001e79e800 12834       4       java.util.concurrent.locks.ReentrantLock::<init> (16 bytes)
Event: 31.433 Thread 0x000000001e79e800 nmethod 12834 0x000000000321afd0 code [0x000000000321b120, 0x000000000321b218]
Event: 31.433 Thread 0x000000001e79e800 12949       4       java.util.WeakHashMap::<init> (9 bytes)
Event: 31.435 Thread 0x000000001e79e800 nmethod 12949 0x000000000385d390 code [0x000000000385d520, 0x000000000385d7d8]
Event: 31.435 Thread 0x000000001e79e800 13045       4       java.io.File::exists (43 bytes)

GC Heap History (10 events):
Event: 24.179 GC heap before
{Heap before GC invocations=22 (full 2):
 PSYoungGen      total 385024K, used 384024K [0x000000076b600000, 0x0000000788080000, 0x00000007c0000000)
  eden space 367616K, 100% used [0x000000076b600000,0x0000000781d00000,0x0000000781d00000)
  from space 17408K, 94% used [0x0000000781d00000,0x0000000782d060e8,0x0000000782e00000)
  to   space 19456K, 0% used [0x0000000786d80000,0x0000000786d80000,0x0000000788080000)
 ParOldGen       total 168448K, used 16301K [0x00000006c2200000, 0x00000006cc680000, 0x000000076b600000)
  object space 168448K, 9% used [0x00000006c2200000,0x00000006c31eb710,0x00000006cc680000)
 Metaspace       used 49069K, capacity 51176K, committed 51288K, reserved 1095680K
  class space    used 5616K, capacity 6010K, committed 6016K, reserved 1048576K
Event: 24.190 GC heap after
Heap after GC invocations=22 (full 2):
 PSYoungGen      total 446976K, used 18627K [0x000000076b600000, 0x0000000788280000, 0x00000007c0000000)
  eden space 427520K, 0% used [0x000000076b600000,0x000000076b600000,0x0000000785780000)
  from space 19456K, 95% used [0x0000000786d80000,0x0000000787fb0e98,0x0000000788080000)
  to   space 22016K, 0% used [0x0000000785780000,0x0000000785780000,0x0000000786d00000)
 ParOldGen       total 168448K, used 16309K [0x00000006c2200000, 0x00000006cc680000, 0x000000076b600000)
  object space 168448K, 9% used [0x00000006c2200000,0x00000006c31ed710,0x00000006cc680000)
 Metaspace       used 49069K, capacity 51176K, committed 51288K, reserved 1095680K
  class space    used 5616K, capacity 6010K, committed 6016K, reserved 1048576K
}
Event: 26.687 GC heap before
{Heap before GC invocations=23 (full 2):
 PSYoungGen      total 446976K, used 446147K [0x000000076b600000, 0x0000000788280000, 0x00000007c0000000)
  eden space 427520K, 100% used [0x000000076b600000,0x0000000785780000,0x0000000785780000)
  from space 19456K, 95% used [0x0000000786d80000,0x0000000787fb0e98,0x0000000788080000)
  to   space 22016K, 0% used [0x0000000785780000,0x0000000785780000,0x0000000786d00000)
 ParOldGen       total 168448K, used 16309K [0x00000006c2200000, 0x00000006cc680000, 0x000000076b600000)
  object space 168448K, 9% used [0x00000006c2200000,0x00000006c31ed710,0x00000006cc680000)
 Metaspace       used 50451K, capacity 52664K, committed 52824K, reserved 1095680K
  class space    used 5766K, capacity 6170K, committed 6272K, reserved 1048576K
Event: 26.699 GC heap after
Heap after GC invocations=23 (full 2):
 PSYoungGen      total 449536K, used 16419K [0x000000076b600000, 0x0000000788280000, 0x00000007c0000000)
  eden space 427520K, 0% used [0x000000076b600000,0x000000076b600000,0x0000000785780000)
  from space 22016K, 74% used [0x0000000785780000,0x0000000786788f10,0x0000000786d00000)
  to   space 19456K, 0% used [0x0000000786d80000,0x0000000786d80000,0x0000000788080000)
 ParOldGen       total 168448K, used 16317K [0x00000006c2200000, 0x00000006cc680000, 0x000000076b600000)
  object space 168448K, 9% used [0x00000006c2200000,0x00000006c31ef710,0x00000006cc680000)
 Metaspace       used 50451K, capacity 52664K, committed 52824K, reserved 1095680K
  class space    used 5766K, capacity 6170K, committed 6272K, reserved 1048576K
}
Event: 29.322 GC heap before
{Heap before GC invocations=24 (full 2):
 PSYoungGen      total 449536K, used 443939K [0x000000076b600000, 0x0000000788280000, 0x00000007c0000000)
  eden space 427520K, 100% used [0x000000076b600000,0x0000000785780000,0x0000000785780000)
  from space 22016K, 74% used [0x0000000785780000,0x0000000786788f10,0x0000000786d00000)
  to   space 19456K, 0% used [0x0000000786d80000,0x0000000786d80000,0x0000000788080000)
 ParOldGen       total 168448K, used 16317K [0x00000006c2200000, 0x00000006cc680000, 0x000000076b600000)
  object space 168448K, 9% used [0x00000006c2200000,0x00000006c31ef710,0x00000006cc680000)
 Metaspace       used 55531K, capacity 57890K, committed 58072K, reserved 1099776K
  class space    used 6456K, capacity 6902K, committed 6912K, reserved 1048576K
Event: 29.342 GC heap after
Heap after GC invocations=24 (full 2):
 PSYoungGen      total 446976K, used 19432K [0x000000076b600000, 0x0000000788280000, 0x00000007c0000000)
  eden space 427520K, 0% used [0x000000076b600000,0x000000076b600000,0x0000000785780000)
  from space 19456K, 99% used [0x0000000786d80000,0x000000078807a090,0x0000000788080000)
  to   space 22016K, 0% used [0x0000000785780000,0x0000000785780000,0x0000000786d00000)
 ParOldGen       total 168448K, used 17885K [0x00000006c2200000, 0x00000006cc680000, 0x000000076b600000)
  object space 168448K, 10% used [0x00000006c2200000,0x00000006c3377750,0x00000006cc680000)
 Metaspace       used 55531K, capacity 57890K, committed 58072K, reserved 1099776K
  class space    used 6456K, capacity 6902K, committed 6912K, reserved 1048576K
}
Event: 29.990 GC heap before
{Heap before GC invocations=25 (full 2):
 PSYoungGen      total 446976K, used 120502K [0x000000076b600000, 0x0000000788280000, 0x00000007c0000000)
  eden space 427520K, 23% used [0x000000076b600000,0x00000007718b39e8,0x0000000785780000)
  from space 19456K, 99% used [0x0000000786d80000,0x000000078807a090,0x0000000788080000)
  to   space 22016K, 0% used [0x0000000785780000,0x0000000785780000,0x0000000786d00000)
 ParOldGen       total 168448K, used 17885K [0x00000006c2200000, 0x00000006cc680000, 0x000000076b600000)
  object space 168448K, 10% used [0x00000006c2200000,0x00000006c3377750,0x00000006cc680000)
 Metaspace       used 56569K, capacity 59010K, committed 59028K, reserved 1101824K
  class space    used 6606K, capacity 7084K, committed 7100K, reserved 1048576K
Event: 30.005 GC heap after
Heap after GC invocations=25 (full 2):
 PSYoungGen      total 449536K, used 21831K [0x000000076b600000, 0x0000000788280000, 0x00000007c0000000)
  eden space 427520K, 0% used [0x000000076b600000,0x000000076b600000,0x0000000785780000)
  from space 22016K, 99% used [0x0000000785780000,0x0000000786cd1f40,0x0000000786d00000)
  to   space 19456K, 0% used [0x0000000786d80000,0x0000000786d80000,0x0000000788080000)
 ParOldGen       total 168448K, used 17893K [0x00000006c2200000, 0x00000006cc680000, 0x000000076b600000)
  object space 168448K, 10% used [0x00000006c2200000,0x00000006c3379750,0x00000006cc680000)
 Metaspace       used 56569K, capacity 59010K, committed 59028K, reserved 1101824K
  class space    used 6606K, capacity 7084K, committed 7100K, reserved 1048576K
}
Event: 30.005 GC heap before
{Heap before GC invocations=26 (full 3):
 PSYoungGen      total 449536K, used 21831K [0x000000076b600000, 0x0000000788280000, 0x00000007c0000000)
  eden space 427520K, 0% used [0x000000076b600000,0x000000076b600000,0x0000000785780000)
  from space 22016K, 99% used [0x0000000785780000,0x0000000786cd1f40,0x0000000786d00000)
  to   space 19456K, 0% used [0x0000000786d80000,0x0000000786d80000,0x0000000788080000)
 ParOldGen       total 168448K, used 17893K [0x00000006c2200000, 0x00000006cc680000, 0x000000076b600000)
  object space 168448K, 10% used [0x00000006c2200000,0x00000006c3379750,0x00000006cc680000)
 Metaspace       used 56569K, capacity 59010K, committed 59028K, reserved 1101824K
  class space    used 6606K, capacity 7084K, committed 7100K, reserved 1048576K
Event: 30.171 GC heap after
Heap after GC invocations=26 (full 3):
 PSYoungGen      total 449536K, used 0K [0x000000076b600000, 0x0000000788280000, 0x00000007c0000000)
  eden space 427520K, 0% used [0x000000076b600000,0x000000076b600000,0x0000000785780000)
  from space 22016K, 0% used [0x0000000785780000,0x0000000785780000,0x0000000786d00000)
  to   space 19456K, 0% used [0x0000000786d80000,0x0000000786d80000,0x0000000788080000)
 ParOldGen       total 168448K, used 31507K [0x00000006c2200000, 0x00000006cc680000, 0x000000076b600000)
  object space 168448K, 18% used [0x00000006c2200000,0x00000006c40c4f80,0x00000006cc680000)
 Metaspace       used 56534K, capacity 58908K, committed 59028K, reserved 1101824K
  class space    used 6596K, capacity 7052K, committed 7100K, reserved 1048576K
}

Deoptimization events (10 events):
Event: 30.973 Thread 0x000000001ff58800 Uncommon trap: reason=unstable_if action=reinterpret pc=0x00000000036ed5c8 method=java.util.concurrent.ConcurrentHashMap.get(Ljava/lang/Object;)Ljava/lang/Object; @ 76
Event: 30.973 Thread 0x000000001ff58800 Uncommon trap: reason=unstable_if action=reinterpret pc=0x00000000033d3bcc method=org.springframework.core.ResolvableType.asVariableResolver()Lorg/springframework/core/ResolvableType$VariableResolver; @ 4
Event: 30.976 Thread 0x000000001ff58800 Uncommon trap: reason=class_check action=maybe_recompile pc=0x00000000053ab5a0 method=org.springframework.beans.factory.support.AbstractBeanFactory.getRegisteredScope(Ljava/lang/String;)Lorg/springframework/beans/factory/config/Scope; @ 16
Event: 30.976 Thread 0x000000001ff58800 Uncommon trap: reason=class_check action=maybe_recompile pc=0x0000000003129680 method=java.lang.String.equals(Ljava/lang/Object;)Z @ 8
Event: 30.976 Thread 0x000000001ff58800 Uncommon trap: reason=class_check action=maybe_recompile pc=0x00000000053ab5a0 method=org.springframework.beans.factory.support.AbstractBeanFactory.getRegisteredScope(Ljava/lang/String;)Lorg/springframework/beans/factory/config/Scope; @ 16
Event: 30.976 Thread 0x000000001ff58800 Uncommon trap: reason=class_check action=maybe_recompile pc=0x0000000003129680 method=java.lang.String.equals(Ljava/lang/Object;)Z @ 8
Event: 31.018 Thread 0x000000001ff58800 Uncommon trap: reason=unstable_if action=reinterpret pc=0x000000000438c348 method=org.springframework.core.ResolvableType.asVariableResolver()Lorg/springframework/core/ResolvableType$VariableResolver; @ 4
Event: 31.025 Thread 0x000000001ff58800 Uncommon trap: reason=unstable_if action=reinterpret pc=0x00000000047433c8 method=org.springframework.asm.MethodWriter.computeMethodInfoSize()I @ 367
Event: 31.025 Thread 0x000000001ff58800 Uncommon trap: reason=unstable_if action=reinterpret pc=0x00000000047592a8 method=org.springframework.asm.MethodWriter.putMethodInfo(Lorg/springframework/asm/ByteVector;)V @ 9
Event: 31.292 Thread 0x000000001ff58800 Uncommon trap: reason=unstable_if action=reinterpret pc=0x0000000004dea734 method=java.lang.reflect.Modifier.toString(I)Ljava/lang/String; @ 123

Classes redefined (0 events):
No events

Internal exceptions (10 events):
Event: 31.384 Thread 0x000000001ff58800 Exception <a 'java/lang/ClassNotFoundException': groovy/lang/ClosureCustomizer> (0x000000077493acf0) thrown at [C:\re\workspace\8-2-build-windows-amd64-cygwin\jdk8u211\12973\hotspot\src\share\vm\classfile\systemDictionary.cpp, line 210]
Event: 31.385 Thread 0x000000001ff58800 Exception <a 'java/lang/ClassNotFoundException': groovy/lang/Closure$1Customizer> (0x00000007749a2f68) thrown at [C:\re\workspace\8-2-build-windows-amd64-cygwin\jdk8u211\12973\hotspot\src\share\vm\classfile\systemDictionary.cpp, line 210]
Event: 31.389 Thread 0x000000001ff58800 Exception <a 'java/lang/ClassNotFoundException': org/springframework/beans/factory/groovy/GroovyBeanDefinitionReader$1BeanInfo> (0x0000000774a335f8) thrown at [C:\re\workspace\8-2-build-windows-amd64-cygwin\jdk8u211\12973\hotspot\src\share\vm\classfile\sy
Event: 31.390 Thread 0x000000001ff58800 Exception <a 'java/lang/ClassNotFoundException': org/springframework/beans/factory/groovy/GroovyBeanDefinitionReader$1Customizer> (0x0000000774a6b778) thrown at [C:\re\workspace\8-2-build-windows-amd64-cygwin\jdk8u211\12973\hotspot\src\share\vm\classfile\
Event: 31.393 Thread 0x000000001ff58800 Exception <a 'java/lang/ClassNotFoundException': org/springframework/beans/factory/groovy/GroovyBeanDefinitionReader$2BeanInfo> (0x0000000774ade3b0) thrown at [C:\re\workspace\8-2-build-windows-amd64-cygwin\jdk8u211\12973\hotspot\src\share\vm\classfile\sy
Event: 31.394 Thread 0x000000001ff58800 Exception <a 'java/lang/ClassNotFoundException': groovy/lang/BindingBeanInfo> (0x0000000774b1ec20) thrown at [C:\re\workspace\8-2-build-windows-amd64-cygwin\jdk8u211\12973\hotspot\src\share\vm\classfile\systemDictionary.cpp, line 210]
Event: 31.395 Thread 0x000000001ff58800 Exception <a 'java/lang/ClassNotFoundException': groovy/lang/BindingCustomizer> (0x0000000774b5fba8) thrown at [C:\re\workspace\8-2-build-windows-amd64-cygwin\jdk8u211\12973\hotspot\src\share\vm\classfile\systemDictionary.cpp, line 210]
Event: 31.396 Thread 0x000000001ff58800 Exception <a 'java/lang/ClassNotFoundException': org/springframework/beans/factory/groovy/GroovyBeanDefinitionReader$2Customizer> (0x0000000774b9cd90) thrown at [C:\re\workspace\8-2-build-windows-amd64-cygwin\jdk8u211\12973\hotspot\src\share\vm\classfile\
Event: 31.430 Thread 0x000000001ff58800 Exception <a 'java/lang/ClassNotFoundException': groovy/lang/GroovyShellBeanInfo> (0x0000000774e50300) thrown at [C:\re\workspace\8-2-build-windows-amd64-cygwin\jdk8u211\12973\hotspot\src\share\vm\classfile\systemDictionary.cpp, line 210]
Event: 31.431 Thread 0x000000001ff58800 Exception <a 'java/lang/ClassNotFoundException': groovy/lang/GroovyShellCustomizer> (0x0000000774e92480) thrown at [C:\re\workspace\8-2-build-windows-amd64-cygwin\jdk8u211\12973\hotspot\src\share\vm\classfile\systemDictionary.cpp, line 210]

Events (10 events):
Event: 31.434 loading class java/security/NoSuchAlgorithmException
Event: 31.434 loading class java/security/NoSuchAlgorithmException done
Event: 31.434 loading class org/codehaus/groovy/control/CompilationUnit$PrimaryClassNodeOperation
Event: 31.434 loading class org/codehaus/groovy/control/CompilationUnit$PrimaryClassNodeOperation done
Event: 31.435 loading class groovy/lang/GroovyClassLoader$TimestampAdder
Event: 31.435 loading class groovy/lang/GroovyClassLoader$TimestampAdder done
Event: 31.435 loading class org/codehaus/groovy/runtime/memoize/UnlimitedConcurrentCache
Event: 31.435 loading class org/codehaus/groovy/runtime/memoize/UnlimitedConcurrentCache done
Event: 31.436 loading class groovy/lang/GroovyClassLoader$1
Event: 31.436 loading class groovy/lang/GroovyClassLoader$1 done


Dynamic libraries:
0x00007ff67c2d0000 - 0x00007ff67c307000 	C:\Program Files\Java\jdk1.8.0_211\bin\java.exe
0x00007ffa60ac0000 - 0x00007ffa60cad000 	C:\WINDOWS\SYSTEM32\ntdll.dll
0x00007ffa5ddd0000 - 0x00007ffa5de83000 	C:\WINDOWS\System32\KERNEL32.DLL
0x00007ffa5d8e0000 - 0x00007ffa5db73000 	C:\WINDOWS\System32\KERNELBASE.dll
0x00007ffa60890000 - 0x00007ffa60933000 	C:\WINDOWS\System32\ADVAPI32.dll
0x00007ffa5fb60000 - 0x00007ffa5fbfe000 	C:\WINDOWS\System32\msvcrt.dll
0x00007ffa60940000 - 0x00007ffa609de000 	C:\WINDOWS\System32\sechost.dll
0x00007ffa600a0000 - 0x00007ffa601c2000 	C:\WINDOWS\System32\RPCRT4.dll
0x00007ffa60530000 - 0x00007ffa606c7000 	C:\WINDOWS\System32\USER32.dll
0x00007ffa5dc20000 - 0x00007ffa5dc40000 	C:\WINDOWS\System32\win32u.dll
0x00007ffa5e200000 - 0x00007ffa5e229000 	C:\WINDOWS\System32\GDI32.dll
0x00007ffa5cc80000 - 0x00007ffa5ce19000 	C:\WINDOWS\System32\gdi32full.dll
0x00007ffa5dc40000 - 0x00007ffa5dce0000 	C:\WINDOWS\System32\msvcp_win.dll
0x00007ffa5cb80000 - 0x00007ffa5cc7a000 	C:\WINDOWS\System32\ucrtbase.dll
0x00007ffa4b010000 - 0x00007ffa4b289000 	C:\WINDOWS\WinSxS\amd64_microsoft.windows.common-controls_6595b64144ccf1df_6.0.17763.737_none_05b6437c071e554b\COMCTL32.dll
0x00007ffa5f760000 - 0x00007ffa5fa8c000 	C:\WINDOWS\System32\combase.dll
0x00007ffa5ce20000 - 0x00007ffa5ce9e000 	C:\WINDOWS\System32\bcryptPrimitives.dll
0x00007ffa5e230000 - 0x00007ffa5e25e000 	C:\WINDOWS\System32\IMM32.DLL
0x0000000077120000 - 0x00000000771f2000 	C:\Program Files\Java\jdk1.8.0_211\jre\bin\msvcr100.dll
0x00000000757d0000 - 0x0000000076075000 	C:\Program Files\Java\jdk1.8.0_211\jre\bin\server\jvm.dll
0x00007ffa60470000 - 0x00007ffa60478000 	C:\WINDOWS\System32\PSAPI.DLL
0x00007ffa59540000 - 0x00007ffa59564000 	C:\WINDOWS\SYSTEM32\WINMM.dll
0x00007ffa51060000 - 0x00007ffa5106a000 	C:\WINDOWS\SYSTEM32\VERSION.dll
0x00007ffa40c30000 - 0x00007ffa40c39000 	C:\WINDOWS\SYSTEM32\WSOCK32.dll
0x00007ffa5e190000 - 0x00007ffa5e1fd000 	C:\WINDOWS\System32\WS2_32.dll
0x00007ffa59510000 - 0x00007ffa5953d000 	C:\WINDOWS\SYSTEM32\winmmbase.dll
0x00007ffa5db80000 - 0x00007ffa5dbca000 	C:\WINDOWS\System32\cfgmgr32.dll
0x00007ffa59c50000 - 0x00007ffa59c5f000 	C:\Program Files\Java\jdk1.8.0_211\jre\bin\verify.dll
0x00007ffa33ca0000 - 0x00007ffa33cc9000 	C:\Program Files\Java\jdk1.8.0_211\jre\bin\java.dll
0x00007ffa33c80000 - 0x00007ffa33c96000 	C:\Program Files\Java\jdk1.8.0_211\jre\bin\zip.dll
0x00007ffa5e260000 - 0x00007ffa5f752000 	C:\WINDOWS\System32\SHELL32.dll
0x00007ffa60480000 - 0x00007ffa60528000 	C:\WINDOWS\System32\shcore.dll
0x00007ffa5d080000 - 0x00007ffa5d7ca000 	C:\WINDOWS\System32\windows.storage.dll
0x00007ffa5cad0000 - 0x00007ffa5caf4000 	C:\WINDOWS\System32\profapi.dll
0x00007ffa5cb00000 - 0x00007ffa5cb5d000 	C:\WINDOWS\System32\powrprof.dll
0x00007ffa5de90000 - 0x00007ffa5dee2000 	C:\WINDOWS\System32\shlwapi.dll
0x00007ffa5cab0000 - 0x00007ffa5cac1000 	C:\WINDOWS\System32\kernel.appcore.dll
0x00007ffa5dc00000 - 0x00007ffa5dc17000 	C:\WINDOWS\System32\cryptsp.dll
0x00007ffa33c60000 - 0x00007ffa33c7a000 	C:\Program Files\Java\jdk1.8.0_211\jre\bin\net.dll
0x00007ffa4fde0000 - 0x00007ffa4ffb7000 	C:\WINDOWS\SYSTEM32\urlmon.dll
0x00007ffa4f9f0000 - 0x00007ffa4fc98000 	C:\WINDOWS\SYSTEM32\iertutil.dll
0x00007ffa5c4f0000 - 0x00007ffa5c4fc000 	C:\WINDOWS\SYSTEM32\CRYPTBASE.DLL
0x00007ffa5c320000 - 0x00007ffa5c387000 	C:\WINDOWS\system32\mswsock.dll
0x00007ffa33c40000 - 0x00007ffa33c52000 	C:\Program Files\Java\jdk1.8.0_211\jre\bin\nio.dll
0x00007ffa5be40000 - 0x00007ffa5be73000 	C:\WINDOWS\system32\rsaenh.dll
0x00007ffa5dbd0000 - 0x00007ffa5dbf6000 	C:\WINDOWS\System32\bcrypt.dll
0x00007ffa5c9b0000 - 0x00007ffa5c9d8000 	C:\WINDOWS\SYSTEM32\USERENV.dll
0x00007ffa5c040000 - 0x00007ffa5c07d000 	C:\WINDOWS\SYSTEM32\IPHLPAPI.DLL
0x00007ffa5dce0000 - 0x00007ffa5dce8000 	C:\WINDOWS\System32\NSI.dll
0x00007ffa4f550000 - 0x00007ffa4f566000 	C:\WINDOWS\SYSTEM32\dhcpcsvc6.DLL
0x00007ffa4f6d0000 - 0x00007ffa4f6ec000 	C:\WINDOWS\SYSTEM32\dhcpcsvc.DLL
0x00007ffa5c080000 - 0x00007ffa5c146000 	C:\WINDOWS\SYSTEM32\DNSAPI.dll
0x00007ffa56570000 - 0x00007ffa5657d000 	C:\Program Files\Java\jdk1.8.0_211\jre\bin\management.dll
0x00007ffa3ea60000 - 0x00007ffa3ea76000 	C:\WINDOWS\system32\napinsp.dll
0x00007ffa3ea20000 - 0x00007ffa3ea3a000 	C:\WINDOWS\system32\pnrpnsp.dll
0x00007ffa3ea10000 - 0x00007ffa3ea1e000 	C:\WINDOWS\System32\winrnr.dll
0x00007ffa58eb0000 - 0x00007ffa58ecb000 	C:\WINDOWS\system32\NLAapi.dll
0x00007ffa55380000 - 0x00007ffa55395000 	C:\WINDOWS\system32\wshbth.dll
0x00007ffa49790000 - 0x00007ffa4979a000 	C:\Windows\System32\rasadhlp.dll
0x00007ffa49290000 - 0x00007ffa49309000 	C:\WINDOWS\System32\fwpuclnt.dll

VM Arguments:
jvm_args: -Dio.netty.leakDetection.level=paranoid -Djava.awt.headless=true -Djava.security.manager=worker.org.gradle.process.internal.worker.child.BootstrapSecurityManager -Dorg.gradle.native=false -DtestGroups -Dfile.encoding=GBK -Duser.country=CN -Duser.language=zh -Duser.variant -ea 
java_command: worker.org.gradle.process.internal.worker.GradleWorkerMain 'Gradle Test Executor 6'
java_class_path (initial): D:\tool\gradle-4.6\caches\4.10.3\workerMain\gradle-worker.jar
Launcher Type: SUN_STANDARD

Environment Variables:
JAVA_HOME=C:\Program Files\Java\jdk1.8.0_211
CLASSPATH=.;C:\Program Files\Java\jdk1.8.0_211\lib\dt.jar;C:\Program Files\Java\jdk1.8.0_211\lib\tools.jar;
PATH=C:\WINDOWS\system32;C:\WINDOWS;C:\WINDOWS\System32\Wbem;C:\WINDOWS\System32\WindowsPowerShell\v1.0\;C:\Program Files\IDM Computer Solutions\UltraEdit;D:\nodeJS\;C:\Go\bin;C:\Program Files\Java\jdk1.8.0_211\bin;C:\Program Files\Java\jdk1.8.0_211\jre\bin;C:\WINDOWS\System32\OpenSSH\;C:\Program Files\Intel\WiFi\bin\;C:\Program Files\Common Files\Intel\WirelessCommon\;D:\tool\git\Git\cmd;C:\Users\HM\AppData\Local\Programs\Python\Python36\Scripts\;C:\Users\HM\AppData\Local\Programs\Python\Python36\;C:\Users\HM\AppData\Local\Microsoft\WindowsApps;D:\tool\Bandzip\;D:\plugin\curl\curl-7.61.0\I386;D:\plugin\groovy-2.5.6\bin;D:\plugin\gradle-5.2.1\bin;C:\Users\HM\AppData\Roaming\npm;C:\Users\HM\go\bin;D:\tool\apache-maven-3.5.3\bin;;C:\Users\HM\AppData\Local\Programs\Microsoft VS Code\bin;C:\Program Files\Docker Toolbox
USERNAME=HM
OS=Windows_NT
PROCESSOR_IDENTIFIER=Intel64 Family 6 Model 158 Stepping 9, GenuineIntel



---------------  S Y S T E M  ---------------

OS: Windows 10.0 , 64 bit Build 17763 (10.0.17763.475)

CPU:total 8 (initial active 8) (4 cores per cpu, 2 threads per core) family 6 model 158 stepping 9, cmov, cx8, fxsr, mmx, sse, sse2, sse3, ssse3, sse4.1, sse4.2, popcnt, avx, avx2, aes, clmul, erms, 3dnowpref, lzcnt, ht, tsc, tscinvbit, bmi1, bmi2, adx

Memory: 4k page, physical 16635856k(3289424k free), swap 16635856k(6996k free)

vm_info: Java HotSpot(TM) 64-Bit Server VM (25.211-b12) for windows-amd64 JRE (1.8.0_211-b12), built on Apr  1 2019 20:53:26 by "java_re" with MS VC++ 10.0 (VS2010)

time: Fri Oct 04 10:41:00 2019
timezone: 中国标准时间
elapsed time: 31 seconds (0d 0h 0m 31s)

