#
# There is insufficient memory for the Java Runtime Environment to continue.
# Native memory allocation (malloc) failed to allocate 32784 bytes for Chunk::new
# Possible reasons:
#   The system is out of physical RAM or swap space
#   The process is running with CompressedOops enabled, and the Java Heap may be blocking the growth of the native heap
# Possible solutions:
#   Reduce memory load on the system
#   Increase physical memory or swap space
#   Check if swap backing store is full
#   Decrease Java heap size (-Xmx/-Xms)
#   Decrease number of Java threads
#   Decrease Java thread stack sizes (-Xss)
#   Set larger code cache with -XX:ReservedCodeCacheSize=
#   JVM is running with Unscaled Compressed Oops mode in which the Java heap is
#     placed in the first 4GB address space. The Java Heap base address is the
#     maximum limit for the native heap growth. Please use -XX:HeapBaseMinAddress
#     to set the Java Heap base and to place the Java Heap above 4GB virtual address.
# This output file may be truncated or incomplete.
#
#  Out of Memory Error (allocation.cpp:389), pid=9740, tid=0x0000000000004adc
#
# JRE version: Java(TM) SE Runtime Environment (8.0_211-b12) (build 1.8.0_211-b12)
# Java VM: Java HotSpot(TM) 64-Bit Server VM (25.211-b12 mixed mode windows-amd64 compressed oops)
# Failed to write core dump. Minidumps are not enabled by default on client versions of Windows
#

---------------  T H R E A D  ---------------

Current thread (0x0000000015f6c000):  JavaThread "C2 CompilerThread1" daemon [_thread_in_native, id=19164, stack(0x0000000016820000,0x0000000016920000)]

Stack: [0x0000000016820000,0x0000000016920000]
[error occurred during error reporting (printing stack bounds), id 0xc0000005]

Native frames: (J=compiled Java code, j=interpreted, Vv=VM code, C=native code)


Current CompileTask:
C2:  10869 2168   !   4       java.util.zip.InflaterInputStream::read (138 bytes)


---------------  P R O C E S S  ---------------

Java Threads: ( => current thread )
  0x000000001771f800 JavaThread "/127.0.0.1:4036 to /127.0.0.1:4034 workers Thread 3" [_thread_in_native, id=18916, stack(0x00000000187f0000,0x00000000188f0000)]
  0x000000001771e800 JavaThread "/127.0.0.1:4036 to /127.0.0.1:4034 workers Thread 2" [_thread_blocked, id=6108, stack(0x00000000186f0000,0x00000000187f0000)]
  0x00000000178ce800 JavaThread "Test worker" [_thread_in_native, id=9268, stack(0x00000000185f0000,0x00000000186f0000)]
  0x0000000015fd5000 JavaThread "Service Thread" daemon [_thread_blocked, id=6140, stack(0x0000000016b20000,0x0000000016c20000)]
  0x0000000015f7c800 JavaThread "C1 CompilerThread3" daemon [_thread_blocked, id=6060, stack(0x0000000016a20000,0x0000000016b20000)]
  0x0000000015f78800 JavaThread "C2 CompilerThread2" daemon [_thread_blocked, id=7776, stack(0x0000000016920000,0x0000000016a20000)]
=>0x0000000015f6c000 JavaThread "C2 CompilerThread1" daemon [_thread_in_native, id=19164, stack(0x0000000016820000,0x0000000016920000)]
  0x0000000015f2b000 JavaThread "C2 CompilerThread0" daemon [_thread_blocked, id=13748, stack(0x0000000016720000,0x0000000016820000)]
  0x0000000015f29800 JavaThread "Attach Listener" daemon [_thread_blocked, id=14272, stack(0x0000000016620000,0x0000000016720000)]
  0x0000000015f27800 JavaThread "Signal Dispatcher" daemon [_thread_blocked, id=11128, stack(0x0000000016520000,0x0000000016620000)]
  0x0000000015e90800 JavaThread "Finalizer" daemon [_thread_blocked, id=10124, stack(0x0000000016370000,0x0000000016470000)]
  0x000000001408c800 JavaThread "Reference Handler" daemon [_thread_blocked, id=1396, stack(0x0000000016270000,0x0000000016370000)]
  0x00000000022ae000 JavaThread "main" [_thread_blocked, id=5472, stack(0x0000000002620000,0x0000000002720000)]

Other Threads:
  0x0000000014088800 VMThread [stack: 0x0000000015d70000,0x0000000015e70000] [id=11492]
  0x0000000016011800 WatcherThread [stack: 0x0000000016c20000,0x0000000016d20000] [id=11884]

VM state:not at safepoint (normal execution)

VM Mutex/Monitor currently owned by a thread: None

heap address: 0x00000000e0000000, size: 512 MB, Compressed Oops mode: 32-bit
Narrow klass base: 0x0000000000000000, Narrow klass shift: 3
Compressed class space size: 1073741824 Address: 0x0000000100000000

Heap:
 PSYoungGen      total 140800K, used 16923K [0x00000000f5580000, 0x00000000ffb00000, 0x0000000100000000)
  eden space 130048K, 13% used [0x00000000f5580000,0x00000000f6606ee8,0x00000000fd480000)
  from space 10752K, 0% used [0x00000000fd480000,0x00000000fd480000,0x00000000fdf00000)
  to   space 8192K, 0% used [0x00000000ff300000,0x00000000ff300000,0x00000000ffb00000)
 ParOldGen       total 82432K, used 5879K [0x00000000e0000000, 0x00000000e5080000, 0x00000000f5580000)
  object space 82432K, 7% used [0x00000000e0000000,0x00000000e05bdd20,0x00000000e5080000)
 Metaspace       used 20446K, capacity 21608K, committed 21888K, reserved 1067008K
  class space    used 3131K, capacity 3348K, committed 3456K, reserved 1048576K

Card table byte_map: [0x0000000011be0000,0x0000000011cf0000] byte_map_base: 0x00000000114e0000

Marking Bits: (ParMarkBitMap*) 0x000000006e7b5ce0
 Begin Bits: [0x00000000125a0000, 0x0000000012da0000)
 End Bits:   [0x0000000012da0000, 0x00000000135a0000)

Polling page: 0x0000000000a30000

CodeCache: size=245760Kb used=6923Kb max_used=6935Kb free=238836Kb
 bounds [0x0000000002820000, 0x0000000002ef0000, 0x0000000011820000]
 total_blobs=2546 nmethods=2165 adapters=293
 compilation: enabled

Compilation events (10 events):
Event: 10.252 Thread 0x0000000015f7c800 2164       3       java.io.DataInputStream::readBoolean (30 bytes)
Event: 10.253 Thread 0x0000000015f7c800 nmethod 2164 0x0000000002ed8710 code [0x0000000002ed88a0, 0x0000000002ed8bf8]
Event: 10.253 Thread 0x0000000015f78800 nmethod 2165 0x0000000002ee4f10 code [0x0000000002ee5060, 0x0000000002ee5118]
Event: 10.763 Thread 0x0000000015f7c800 2166       1       org.apache.logging.log4j.core.config.plugins.processor.PluginEntry::getClassName (5 bytes)
Event: 10.763 Thread 0x0000000015f7c800 nmethod 2166 0x0000000002ed93d0 code [0x0000000002ed9520, 0x0000000002ed9630]
Event: 10.766 Thread 0x0000000015f7c800 2167       1       org.apache.logging.log4j.core.config.plugins.processor.PluginEntry::getName (5 bytes)
Event: 10.766 Thread 0x0000000015f7c800 nmethod 2167 0x0000000002ed9090 code [0x0000000002ed91e0, 0x0000000002ed92f0]
Event: 10.857 Thread 0x0000000015f6c000 2168   !   4       java.util.zip.InflaterInputStream::read (138 bytes)
Event: 10.860 Thread 0x0000000015f2b000 2169       4       java.lang.ref.Finalizer::register (10 bytes)
Event: 10.863 Thread 0x0000000015f2b000 nmethod 2169 0x0000000002ee87d0 code [0x0000000002ee8940, 0x0000000002ee8cb8]

GC Heap History (10 events):
Event: 6.188 GC heap before
{Heap before GC invocations=2 (full 0):
 PSYoungGen      total 75776K, used 71232K [0x00000000f5580000, 0x00000000faa00000, 0x0000000100000000)
  eden space 65024K, 100% used [0x00000000f5580000,0x00000000f9500000,0x00000000f9500000)
  from space 10752K, 57% used [0x00000000f9500000,0x00000000f9b10200,0x00000000f9f80000)
  to   space 10752K, 0% used [0x00000000f9f80000,0x00000000f9f80000,0x00000000faa00000)
 ParOldGen       total 173568K, used 24K [0x00000000e0000000, 0x00000000ea980000, 0x00000000f5580000)
  object space 173568K, 0% used [0x00000000e0000000,0x00000000e0006000,0x00000000ea980000)
 Metaspace       used 13873K, capacity 14880K, committed 14976K, reserved 1062912K
  class space    used 1944K, capacity 2170K, committed 2176K, reserved 1048576K
Event: 6.207 GC heap after
Heap after GC invocations=2 (full 0):
 PSYoungGen      total 75776K, used 6275K [0x00000000f5580000, 0x00000000faa00000, 0x0000000100000000)
  eden space 65024K, 0% used [0x00000000f5580000,0x00000000f5580000,0x00000000f9500000)
  from space 10752K, 58% used [0x00000000f9f80000,0x00000000fa5a0e00,0x00000000faa00000)
  to   space 10752K, 0% used [0x00000000f9500000,0x00000000f9500000,0x00000000f9f80000)
 ParOldGen       total 173568K, used 32K [0x00000000e0000000, 0x00000000ea980000, 0x00000000f5580000)
  object space 173568K, 0% used [0x00000000e0000000,0x00000000e0008000,0x00000000ea980000)
 Metaspace       used 13873K, capacity 14880K, committed 14976K, reserved 1062912K
  class space    used 1944K, capacity 2170K, committed 2176K, reserved 1048576K
}
Event: 7.239 GC heap before
{Heap before GC invocations=3 (full 0):
 PSYoungGen      total 75776K, used 71299K [0x00000000f5580000, 0x00000000faa00000, 0x0000000100000000)
  eden space 65024K, 100% used [0x00000000f5580000,0x00000000f9500000,0x00000000f9500000)
  from space 10752K, 58% used [0x00000000f9f80000,0x00000000fa5a0e00,0x00000000faa00000)
  to   space 10752K, 0% used [0x00000000f9500000,0x00000000f9500000,0x00000000f9f80000)
 ParOldGen       total 173568K, used 32K [0x00000000e0000000, 0x00000000ea980000, 0x00000000f5580000)
  object space 173568K, 0% used [0x00000000e0000000,0x00000000e0008000,0x00000000ea980000)
 Metaspace       used 16210K, capacity 17276K, committed 17536K, reserved 1064960K
  class space    used 2439K, capacity 2660K, committed 2688K, reserved 1048576K
Event: 7.270 GC heap after
Heap after GC invocations=3 (full 0):
 PSYoungGen      total 75776K, used 7006K [0x00000000f5580000, 0x00000000fe980000, 0x0000000100000000)
  eden space 65024K, 0% used [0x00000000f5580000,0x00000000f5580000,0x00000000f9500000)
  from space 10752K, 65% used [0x00000000f9500000,0x00000000f9bd7890,0x00000000f9f80000)
  to   space 10752K, 0% used [0x00000000fdf00000,0x00000000fdf00000,0x00000000fe980000)
 ParOldGen       total 173568K, used 40K [0x00000000e0000000, 0x00000000ea980000, 0x00000000f5580000)
  object space 173568K, 0% used [0x00000000e0000000,0x00000000e000a000,0x00000000ea980000)
 Metaspace       used 16210K, capacity 17276K, committed 17536K, reserved 1064960K
  class space    used 2439K, capacity 2660K, committed 2688K, reserved 1048576K
}
Event: 10.150 GC heap before
{Heap before GC invocations=4 (full 0):
 PSYoungGen      total 75776K, used 72030K [0x00000000f5580000, 0x00000000fe980000, 0x0000000100000000)
  eden space 65024K, 100% used [0x00000000f5580000,0x00000000f9500000,0x00000000f9500000)
  from space 10752K, 65% used [0x00000000f9500000,0x00000000f9bd7890,0x00000000f9f80000)
  to   space 10752K, 0% used [0x00000000fdf00000,0x00000000fdf00000,0x00000000fe980000)
 ParOldGen       total 173568K, used 40K [0x00000000e0000000, 0x00000000ea980000, 0x00000000f5580000)
  object space 173568K, 0% used [0x00000000e0000000,0x00000000e000a000,0x00000000ea980000)
 Metaspace       used 19532K, capacity 20744K, committed 20864K, reserved 1067008K
  class space    used 2972K, capacity 3188K, committed 3200K, reserved 1048576K
Event: 10.192 GC heap after
Heap after GC invocations=4 (full 0):
 PSYoungGen      total 140800K, used 7535K [0x00000000f5580000, 0x00000000fe980000, 0x0000000100000000)
  eden space 130048K, 0% used [0x00000000f5580000,0x00000000f5580000,0x00000000fd480000)
  from space 10752K, 70% used [0x00000000fdf00000,0x00000000fe65bc50,0x00000000fe980000)
  to   space 10752K, 0% used [0x00000000fd480000,0x00000000fd480000,0x00000000fdf00000)
 ParOldGen       total 173568K, used 48K [0x00000000e0000000, 0x00000000ea980000, 0x00000000f5580000)
  object space 173568K, 0% used [0x00000000e0000000,0x00000000e000c000,0x00000000ea980000)
 Metaspace       used 19532K, capacity 20744K, committed 20864K, reserved 1067008K
  class space    used 2972K, capacity 3188K, committed 3200K, reserved 1048576K
}
Event: 10.448 GC heap before
{Heap before GC invocations=5 (full 0):
 PSYoungGen      total 140800K, used 19623K [0x00000000f5580000, 0x00000000fe980000, 0x0000000100000000)
  eden space 130048K, 9% used [0x00000000f5580000,0x00000000f614e2a0,0x00000000fd480000)
  from space 10752K, 70% used [0x00000000fdf00000,0x00000000fe65bc50,0x00000000fe980000)
  to   space 10752K, 0% used [0x00000000fd480000,0x00000000fd480000,0x00000000fdf00000)
 ParOldGen       total 173568K, used 48K [0x00000000e0000000, 0x00000000ea980000, 0x00000000f5580000)
  object space 173568K, 0% used [0x00000000e0000000,0x00000000e000c000,0x00000000ea980000)
 Metaspace       used 19976K, capacity 21128K, committed 21248K, reserved 1067008K
  class space    used 3037K, capacity 3252K, committed 3328K, reserved 1048576K
Event: 10.520 GC heap after
Heap after GC invocations=5 (full 0):
 PSYoungGen      total 140800K, used 6092K [0x00000000f5580000, 0x00000000ffb00000, 0x0000000100000000)
  eden space 130048K, 0% used [0x00000000f5580000,0x00000000f5580000,0x00000000fd480000)
  from space 10752K, 56% used [0x00000000fd480000,0x00000000fda73298,0x00000000fdf00000)
  to   space 8192K, 0% used [0x00000000ff300000,0x00000000ff300000,0x00000000ffb00000)
 ParOldGen       total 173568K, used 56K [0x00000000e0000000, 0x00000000ea980000, 0x00000000f5580000)
  object space 173568K, 0% used [0x00000000e0000000,0x00000000e000e000,0x00000000ea980000)
 Metaspace       used 19976K, capacity 21128K, committed 21248K, reserved 1067008K
  class space    used 3037K, capacity 3252K, committed 3328K, reserved 1048576K
}
Event: 10.520 GC heap before
{Heap before GC invocations=6 (full 1):
 PSYoungGen      total 140800K, used 6092K [0x00000000f5580000, 0x00000000ffb00000, 0x0000000100000000)
  eden space 130048K, 0% used [0x00000000f5580000,0x00000000f5580000,0x00000000fd480000)
  from space 10752K, 56% used [0x00000000fd480000,0x00000000fda73298,0x00000000fdf00000)
  to   space 8192K, 0% used [0x00000000ff300000,0x00000000ff300000,0x00000000ffb00000)
 ParOldGen       total 173568K, used 56K [0x00000000e0000000, 0x00000000ea980000, 0x00000000f5580000)
  object space 173568K, 0% used [0x00000000e0000000,0x00000000e000e000,0x00000000ea980000)
 Metaspace       used 19976K, capacity 21128K, committed 21248K, reserved 1067008K
  class space    used 3037K, capacity 3252K, committed 3328K, reserved 1048576K
Event: 10.666 GC heap after
Heap after GC invocations=6 (full 1):
 PSYoungGen      total 140800K, used 0K [0x00000000f5580000, 0x00000000ffb00000, 0x0000000100000000)
  eden space 130048K, 0% used [0x00000000f5580000,0x00000000f5580000,0x00000000fd480000)
  from space 10752K, 0% used [0x00000000fd480000,0x00000000fd480000,0x00000000fdf00000)
  to   space 8192K, 0% used [0x00000000ff300000,0x00000000ff300000,0x00000000ffb00000)
 ParOldGen       total 82432K, used 5879K [0x00000000e0000000, 0x00000000e5080000, 0x00000000f5580000)
  object space 82432K, 7% used [0x00000000e0000000,0x00000000e05bdd20,0x00000000e5080000)
 Metaspace       used 19976K, capacity 21128K, committed 21248K, reserved 1067008K
  class space    used 3037K, capacity 3252K, committed 3328K, reserved 1048576K
}

Deoptimization events (10 events):
Event: 8.057 Thread 0x00000000178ce800 Uncommon trap: reason=class_check action=maybe_recompile pc=0x0000000002d59f74 method=java.util.regex.Pattern$Branch.match(Ljava/util/regex/Matcher;ILjava/lang/CharSequence;)Z @ 50
Event: 8.057 Thread 0x00000000178ce800 Uncommon trap: reason=class_check action=maybe_recompile pc=0x0000000002d59f74 method=java.util.regex.Pattern$Branch.match(Ljava/util/regex/Matcher;ILjava/lang/CharSequence;)Z @ 50
Event: 8.057 Thread 0x00000000178ce800 Uncommon trap: reason=class_check action=maybe_recompile pc=0x0000000002d20804 method=java.util.regex.Pattern$BmpCharProperty.match(Ljava/util/regex/Matcher;ILjava/lang/CharSequence;)Z @ 31
Event: 8.057 Thread 0x00000000178ce800 Uncommon trap: reason=unstable_if action=reinterpret pc=0x0000000002cc4ff8 method=java.util.regex.Matcher.search(I)Z @ 30
Event: 8.057 Thread 0x00000000178ce800 Uncommon trap: reason=class_check action=maybe_recompile pc=0x0000000002d59f74 method=java.util.regex.Pattern$Branch.match(Ljava/util/regex/Matcher;ILjava/lang/CharSequence;)Z @ 50
Event: 8.057 Thread 0x00000000178ce800 Uncommon trap: reason=class_check action=maybe_recompile pc=0x0000000002d59f74 method=java.util.regex.Pattern$Branch.match(Ljava/util/regex/Matcher;ILjava/lang/CharSequence;)Z @ 50
Event: 8.057 Thread 0x00000000178ce800 Uncommon trap: reason=class_check action=maybe_recompile pc=0x0000000002d20804 method=java.util.regex.Pattern$BmpCharProperty.match(Ljava/util/regex/Matcher;ILjava/lang/CharSequence;)Z @ 31
Event: 8.057 Thread 0x00000000178ce800 Uncommon trap: reason=unstable_if action=reinterpret pc=0x0000000002d20734 method=java.util.regex.Pattern$BmpCharProperty.match(Ljava/util/regex/Matcher;ILjava/lang/CharSequence;)Z @ 5
Event: 8.239 Thread 0x00000000178ce800 Uncommon trap: reason=class_check action=maybe_recompile pc=0x0000000002d5710c method=java.util.TreeMap.getEntry(Ljava/lang/Object;)Ljava/util/TreeMap$Entry; @ 26
Event: 8.339 Thread 0x00000000178ce800 Uncommon trap: reason=unstable_if action=reinterpret pc=0x0000000002d570bc method=java.util.TreeMap.get(Ljava/lang/Object;)Ljava/lang/Object; @ 7

Classes redefined (0 events):
No events

Internal exceptions (10 events):
Event: 7.427 Thread 0x00000000178ce800 Exception <a 'java/security/PrivilegedActionException'> (0x00000000f5b9d120) thrown at [C:\re\workspace\8-2-build-windows-amd64-cygwin\jdk8u211\12973\hotspot\src\share\vm\prims\jvm.cpp, line 1502]
Event: 7.465 Thread 0x00000000178ce800 Exception <a 'java/lang/NoSuchMethodError': java.lang.Object.lambda$newMappingFunction$2(Lcom/github/benmanes/caffeine/cache/CacheLoader;Ljava/lang/Object;)Ljava/lang/Object;> (0x00000000f5d3e700) thrown at [C:\re\workspace\8-2-build-windows-amd64-cygwin\
Event: 7.466 Thread 0x00000000178ce800 Exception <a 'java/lang/NoSuchMethodError': java.lang.Object.lambda$newBulkMappingFunction$3(Lcom/github/benmanes/caffeine/cache/CacheLoader;Ljava/lang/Iterable;)Ljava/util/Map;> (0x00000000f5d42e18) thrown at [C:\re\workspace\8-2-build-windows-amd64-cygw
Event: 7.825 Thread 0x00000000178ce800 Exception <a 'java/lang/IncompatibleClassChangeError': Found class java.lang.Object, but interface was expected> (0x00000000f74c5708) thrown at [C:\re\workspace\8-2-build-windows-amd64-cygwin\jdk8u211\12973\hotspot\src\share\vm\interpreter\linkResolver.cp
Event: 8.208 Thread 0x00000000178ce800 Exception <a 'java/security/PrivilegedActionException'> (0x00000000f87c5b28) thrown at [C:\re\workspace\8-2-build-windows-amd64-cygwin\jdk8u211\12973\hotspot\src\share\vm\prims\jvm.cpp, line 1502]
Event: 8.208 Thread 0x00000000178ce800 Exception <a 'java/security/PrivilegedActionException'> (0x00000000f87c62f0) thrown at [C:\re\workspace\8-2-build-windows-amd64-cygwin\jdk8u211\12973\hotspot\src\share\vm\prims\jvm.cpp, line 1502]
Event: 8.218 Thread 0x00000000178ce800 Exception <a 'java/security/PrivilegedActionException'> (0x00000000f87e0760) thrown at [C:\re\workspace\8-2-build-windows-amd64-cygwin\jdk8u211\12973\hotspot\src\share\vm\prims\jvm.cpp, line 1502]
Event: 8.218 Thread 0x00000000178ce800 Exception <a 'java/security/PrivilegedActionException'> (0x00000000f87e0f28) thrown at [C:\re\workspace\8-2-build-windows-amd64-cygwin\jdk8u211\12973\hotspot\src\share\vm\prims\jvm.cpp, line 1502]
Event: 8.221 Thread 0x00000000178ce800 Exception <a 'java/security/PrivilegedActionException'> (0x00000000f87fb208) thrown at [C:\re\workspace\8-2-build-windows-amd64-cygwin\jdk8u211\12973\hotspot\src\share\vm\prims\jvm.cpp, line 1502]
Event: 8.221 Thread 0x00000000178ce800 Exception <a 'java/security/PrivilegedActionException'> (0x00000000f87fb9d0) thrown at [C:\re\workspace\8-2-build-windows-amd64-cygwin\jdk8u211\12973\hotspot\src\share\vm\prims\jvm.cpp, line 1502]

Events (10 events):
Event: 10.859 loading class org/apache/logging/log4j/core/config/plugins/convert/TypeConverters$FloatConverter
Event: 10.859 loading class org/apache/logging/log4j/core/config/plugins/convert/TypeConverters$FloatConverter done
Event: 10.860 loading class org/apache/logging/log4j/core/config/plugins/convert/TypeConverters$InetAddressConverter
Event: 10.860 loading class org/apache/logging/log4j/core/config/plugins/convert/TypeConverters$InetAddressConverter done
Event: 10.861 loading class org/apache/logging/log4j/core/config/plugins/convert/TypeConverters$IntegerConverter
Event: 10.861 loading class org/apache/logging/log4j/core/config/plugins/convert/TypeConverters$IntegerConverter done
Event: 10.865 loading class org/apache/logging/log4j/core/config/plugins/convert/TypeConverters$LevelConverter
Event: 10.865 loading class org/apache/logging/log4j/core/config/plugins/convert/TypeConverters$LevelConverter done
Event: 10.867 loading class org/apache/logging/log4j/core/config/plugins/convert/TypeConverters$LongConverter
Event: 10.867 loading class org/apache/logging/log4j/core/config/plugins/convert/TypeConverters$LongConverter done


Dynamic libraries:
0x00007ff6e1c70000 - 0x00007ff6e1ca7000 	C:\Program Files\Java\jdk1.8.0_211\bin\java.exe
0x00007ffd4f420000 - 0x00007ffd4f60d000 	C:\WINDOWS\SYSTEM32\ntdll.dll
0x00007ffd4ea50000 - 0x00007ffd4eb03000 	C:\WINDOWS\System32\KERNEL32.DLL
0x00007ffd4c2a0000 - 0x00007ffd4c533000 	C:\WINDOWS\System32\KERNELBASE.dll
0x00007ffd4f1d0000 - 0x00007ffd4f273000 	C:\WINDOWS\System32\ADVAPI32.dll
0x00007ffd4d4b0000 - 0x00007ffd4d54e000 	C:\WINDOWS\System32\msvcrt.dll
0x00007ffd4ef20000 - 0x00007ffd4efbe000 	C:\WINDOWS\System32\sechost.dll
0x00007ffd4ccc0000 - 0x00007ffd4cde2000 	C:\WINDOWS\System32\RPCRT4.dll
0x00007ffd4d310000 - 0x00007ffd4d4a7000 	C:\WINDOWS\System32\USER32.dll
0x00007ffd4c280000 - 0x00007ffd4c2a0000 	C:\WINDOWS\System32\win32u.dll
0x00007ffd4f330000 - 0x00007ffd4f359000 	C:\WINDOWS\System32\GDI32.dll
0x00007ffd4b5b0000 - 0x00007ffd4b749000 	C:\WINDOWS\System32\gdi32full.dll
0x00007ffd4bea0000 - 0x00007ffd4bf40000 	C:\WINDOWS\System32\msvcp_win.dll
0x00007ffd4c540000 - 0x00007ffd4c63a000 	C:\WINDOWS\System32\ucrtbase.dll
0x00007ffd397e0000 - 0x00007ffd39a59000 	C:\WINDOWS\WinSxS\amd64_microsoft.windows.common-controls_6595b64144ccf1df_6.0.17763.737_none_05b6437c071e554b\COMCTL32.dll
0x00007ffd4cfd0000 - 0x00007ffd4d2fc000 	C:\WINDOWS\System32\combase.dll
0x00007ffd4b4e0000 - 0x00007ffd4b55e000 	C:\WINDOWS\System32\bcryptPrimitives.dll
0x00007ffd4c710000 - 0x00007ffd4c73e000 	C:\WINDOWS\System32\IMM32.DLL
0x000000006e840000 - 0x000000006e912000 	C:\Program Files\Java\jdk1.8.0_211\jre\bin\msvcr100.dll
0x000000006df90000 - 0x000000006e835000 	C:\Program Files\Java\jdk1.8.0_211\jre\bin\server\jvm.dll
0x00007ffd4f3e0000 - 0x00007ffd4f3e8000 	C:\WINDOWS\System32\PSAPI.DLL
0x00007ffd308b0000 - 0x00007ffd308b9000 	C:\WINDOWS\SYSTEM32\WSOCK32.dll
0x00007ffd4cf60000 - 0x00007ffd4cfcd000 	C:\WINDOWS\System32\WS2_32.dll
0x00007ffd49160000 - 0x00007ffd49184000 	C:\WINDOWS\SYSTEM32\WINMM.dll
0x00007ffd408a0000 - 0x00007ffd408aa000 	C:\WINDOWS\SYSTEM32\VERSION.dll
0x00007ffd49130000 - 0x00007ffd4915d000 	C:\WINDOWS\SYSTEM32\winmmbase.dll
0x00007ffd4bf40000 - 0x00007ffd4bf8a000 	C:\WINDOWS\System32\cfgmgr32.dll
0x00007ffd479d0000 - 0x00007ffd479df000 	C:\Program Files\Java\jdk1.8.0_211\jre\bin\verify.dll
0x00007ffd44f50000 - 0x00007ffd44f79000 	C:\Program Files\Java\jdk1.8.0_211\jre\bin\java.dll
0x00007ffd47960000 - 0x00007ffd47976000 	C:\Program Files\Java\jdk1.8.0_211\jre\bin\zip.dll
0x00007ffd4d550000 - 0x00007ffd4ea42000 	C:\WINDOWS\System32\SHELL32.dll
0x00007ffd4f280000 - 0x00007ffd4f328000 	C:\WINDOWS\System32\shcore.dll
0x00007ffd4b750000 - 0x00007ffd4be9a000 	C:\WINDOWS\System32\windows.storage.dll
0x00007ffd4b430000 - 0x00007ffd4b454000 	C:\WINDOWS\System32\profapi.dll
0x00007ffd4b460000 - 0x00007ffd4b4bd000 	C:\WINDOWS\System32\powrprof.dll
0x00007ffd4eb10000 - 0x00007ffd4eb62000 	C:\WINDOWS\System32\shlwapi.dll
0x00007ffd4b410000 - 0x00007ffd4b421000 	C:\WINDOWS\System32\kernel.appcore.dll
0x00007ffd4b560000 - 0x00007ffd4b577000 	C:\WINDOWS\System32\cryptsp.dll
0x00007ffd41dd0000 - 0x00007ffd41dea000 	C:\Program Files\Java\jdk1.8.0_211\jre\bin\net.dll
0x00007ffd3e3a0000 - 0x00007ffd3e577000 	C:\WINDOWS\SYSTEM32\urlmon.dll
0x00007ffd3e040000 - 0x00007ffd3e2e8000 	C:\WINDOWS\SYSTEM32\iertutil.dll
0x00007ffd4adf0000 - 0x00007ffd4adfc000 	C:\WINDOWS\SYSTEM32\CRYPTBASE.DLL
0x00007ffd4ac20000 - 0x00007ffd4ac87000 	C:\WINDOWS\system32\mswsock.dll
0x00007ffd3ab10000 - 0x00007ffd3ab22000 	C:\Program Files\Java\jdk1.8.0_211\jre\bin\nio.dll
0x00007ffd4a7a0000 - 0x00007ffd4a7d3000 	C:\WINDOWS\system32\rsaenh.dll
0x00007ffd4b580000 - 0x00007ffd4b5a6000 	C:\WINDOWS\System32\bcrypt.dll
0x00007ffd4b310000 - 0x00007ffd4b338000 	C:\WINDOWS\SYSTEM32\USERENV.dll
0x00007ffd4a940000 - 0x00007ffd4a97d000 	C:\WINDOWS\SYSTEM32\IPHLPAPI.DLL
0x00007ffd4ebd0000 - 0x00007ffd4ebd8000 	C:\WINDOWS\System32\NSI.dll
0x00007ffd3df70000 - 0x00007ffd3df86000 	C:\WINDOWS\SYSTEM32\dhcpcsvc6.DLL
0x00007ffd3e580000 - 0x00007ffd3e59c000 	C:\WINDOWS\SYSTEM32\dhcpcsvc.DLL
0x00007ffd4a980000 - 0x00007ffd4aa46000 	C:\WINDOWS\SYSTEM32\DNSAPI.dll
0x00007ffd41e00000 - 0x00007ffd41e0d000 	C:\Program Files\Java\jdk1.8.0_211\jre\bin\management.dll
0x00007ffd2e160000 - 0x00007ffd2e176000 	C:\WINDOWS\system32\napinsp.dll
0x00007ffd2e4f0000 - 0x00007ffd2e50a000 	C:\WINDOWS\system32\pnrpnsp.dll
0x00007ffd2e4b0000 - 0x00007ffd2e4be000 	C:\WINDOWS\System32\winrnr.dll
0x00007ffd47810000 - 0x00007ffd4782b000 	C:\WINDOWS\system32\NLAapi.dll
0x00007ffd40940000 - 0x00007ffd40955000 	C:\WINDOWS\system32\wshbth.dll
0x00007ffd3cf00000 - 0x00007ffd3cf0a000 	C:\Windows\System32\rasadhlp.dll
0x00007ffd39ae0000 - 0x00007ffd39b59000 	C:\WINDOWS\System32\fwpuclnt.dll

VM Arguments:
jvm_args: -Dio.netty.leakDetection.level=paranoid -Djava.awt.headless=true -Djava.security.manager=worker.org.gradle.process.internal.worker.child.BootstrapSecurityManager -Dorg.gradle.native=false -DtestGroups -Xmx512m -Dfile.encoding=GBK -Duser.country=CN -Duser.language=zh -Duser.variant -ea 
java_command: worker.org.gradle.process.internal.worker.GradleWorkerMain 'Gradle Test Executor 7'
java_class_path (initial): D:\tool\gradle-4.6\caches\5.6.2\workerMain\gradle-worker.jar
Launcher Type: SUN_STANDARD

Environment Variables:
JAVA_HOME=C:\Program Files\Java\jdk1.8.0_211
CLASSPATH=.;C:\Program Files\Java\jdk1.8.0_211\lib\dt.jar;C:\Program Files\Java\jdk1.8.0_211\lib\tools.jar;
PATH=C:\WINDOWS\system32;C:\WINDOWS;C:\WINDOWS\System32\Wbem;C:\WINDOWS\System32\WindowsPowerShell\v1.0\;C:\Program Files\IDM Computer Solutions\UltraEdit;D:\nodeJS\;C:\Go\bin;C:\Program Files\Java\jdk1.8.0_211\bin;C:\Program Files\Java\jdk1.8.0_211\jre\bin;C:\WINDOWS\System32\OpenSSH\;C:\Program Files\Intel\WiFi\bin\;C:\Program Files\Common Files\Intel\WirelessCommon\;D:\tool\git\Git\cmd;C:\Users\HM\AppData\Local\Programs\Python\Python36\Scripts\;C:\Users\HM\AppData\Local\Programs\Python\Python36\;C:\Users\HM\AppData\Local\Microsoft\WindowsApps;D:\tool\Bandzip\;D:\plugin\curl\curl-7.61.0\I386;D:\plugin\groovy-2.5.6\bin;D:\plugin\gradle-5.2.1\bin;C:\Users\HM\AppData\Roaming\npm;C:\Users\HM\go\bin;D:\tool\apache-maven-3.5.3\bin;;C:\Users\HM\AppData\Local\Programs\Microsoft VS Code\bin;C:\Program Files\Docker Toolbox
USERNAME=HM
OS=Windows_NT
PROCESSOR_IDENTIFIER=Intel64 Family 6 Model 158 Stepping 9, GenuineIntel



---------------  S Y S T E M  ---------------

OS: Windows 10.0 , 64 bit Build 17763 (10.0.17763.475)

CPU:total 8 (initial active 8) (4 cores per cpu, 2 threads per core) family 6 model 158 stepping 9, cmov, cx8, fxsr, mmx, sse, sse2, sse3, ssse3, sse4.1, sse4.2, popcnt, avx, avx2, aes, clmul, erms, 3dnowpref, lzcnt, ht, tsc, tscinvbit, bmi1, bmi2, adx

Memory: 4k page, physical 16635856k(3641144k free), swap 16635856k(2100k free)

vm_info: Java HotSpot(TM) 64-Bit Server VM (25.211-b12) for windows-amd64 JRE (1.8.0_211-b12), built on Apr  1 2019 20:53:26 by "java_re" with MS VC++ 10.0 (VS2010)

time: Thu Oct 03 20:55:06 2019
timezone: 中国标准时间
elapsed time: 10 seconds (0d 0h 0m 10s)

